<?xml version="1.0" encoding="UTF-8"?>
<testsuite xmlns:xsi="http://www.w3.org/2001/XMLSchema-instance" xsi:noNamespaceSchemaLocation="https://maven.apache.org/surefire/maven-surefire-plugin/xsd/surefire-test-report.xsd" name="algorithms.HeapSortTest" time="0.179" tests="10" errors="0" skipped="0" failures="0">
  <properties>
[...]
</properties>
  <testcase name="testPerformance" classname="algorithms.HeapSortTest" time="0.169"/>
  <testcase name="testCrossValidation" classname="algorithms.HeapSortTest" time="0.003"/>
  <testcase name="testWithNearlySortedData" classname="algorithms.HeapSortTest" time="0"/>
  <testcase name="testSingleElement" classname="algorithms.HeapSortTest" time="0"/>
  <testcase name="testEmptyArray" classname="algorithms.HeapSortTest" time="0"/>
  <testcase name="testWithDuplicates" classname="algorithms.HeapSortTest" time="0.001"/>
  <testcase name="testSort" classname="algorithms.HeapSortTest" time="0"/>
  <testcase name="testWithSortedData" classname="algorithms.HeapSortTest" time="0.001"/>
  <testcase name="testWithRandomData" classname="algorithms.HeapSortTest" time="0"/>
  <testcase name="testWithReverseSortedData" classname="algorithms.HeapSortTest" time="0.001"/>
</testsuite>